<?xml version="1.0" encoding="UTF-8"?>
<!-- Generated by org.testng.reporters.JUnitReportReporter -->
<testsuite skipped="0" hostname="Raktim" name="Appium.AppiumFramework.APiDemoTest" tests="2" failures="0" timestamp="2022-02-24T15:39:56 IST" time="99.699" errors="0">
  <testcase name="apiDemo" time="48.811" classname="Appium.AppiumFramework.APiDemoTest"/>
  <system-out/>
  <testcase name="apiDemo" time="50.888" classname="Appium.AppiumFramework.APiDemoTest"/>
  <system-out/>
</testsuite> <!-- Appium.AppiumFramework.APiDemoTest -->
