<?xml version="1.0" encoding="UTF-8"?>
<!-- Generated by org.testng.reporters.JUnitReportReporter -->
<testsuite skipped="0" hostname="Raktim" name="Appium.AppiumFramework.GeneralStoreAppTest" tests="1" failures="0" timestamp="2022-02-24T15:39:56 IST" time="72.274" errors="0">
  <testcase name="totalValidation" time="72.274" classname="Appium.AppiumFramework.GeneralStoreAppTest"/>
  <system-out/>
</testsuite> <!-- Appium.AppiumFramework.GeneralStoreAppTest -->
