<?xml version="1.0" encoding="UTF-8"?>
<!-- Generated by org.testng.reporters.JUnitReportReporter -->
<testsuite skipped="0" hostname="Raktim" name="Appium.AppiumFramework.APiDemoTest" tests="2" failures="0" timestamp="2022-02-24T16:31:01 IST" time="118.444" errors="0">
  <testcase name="apiDemo" time="61.090" classname="Appium.AppiumFramework.APiDemoTest"/>
  <system-out/>
  <testcase name="apiDemo" time="57.354" classname="Appium.AppiumFramework.APiDemoTest"/>
  <system-out/>
</testsuite> <!-- Appium.AppiumFramework.APiDemoTest -->
