<?xml version="1.0" encoding="UTF-8"?>
<!-- Generated by org.testng.reporters.JUnitReportReporter -->
<testsuite skipped="0" hostname="Raktim" name="Appium.AppiumFramework.GeneralStoreAppTest" tests="1" failures="0" timestamp="2022-02-24T16:31:01 IST" time="108.027" errors="0">
  <testcase name="totalValidation" time="108.027" classname="Appium.AppiumFramework.GeneralStoreAppTest"/>
  <system-out/>
</testsuite> <!-- Appium.AppiumFramework.GeneralStoreAppTest -->
